[INFO ] 2024-09-14 17:32:02.554 [main] TC_LoginTest_001 - URL is opened
[INFO ] 2024-09-14 17:32:02.761 [main] TC_LoginTest_001 - Entered username
[INFO ] 2024-09-14 17:32:02.844 [main] TC_LoginTest_001 - Entered password
[INFO ] 2024-09-14 17:32:03.859 [main] TC_LoginTest_001 - Login test passed
[INFO ] 2024-09-17 12:06:55.036 [main] TC_LoginTest_001 - URL is opened
[INFO ] 2024-09-17 12:06:56.021 [main] TC_LoginTest_001 - Entered username
[INFO ] 2024-09-17 12:06:56.597 [main] TC_LoginTest_001 - Entered password
[INFO ] 2024-09-17 12:06:58.504 [main] TC_LoginTest_001 - Login test passed
[INFO ] 2024-09-17 17:11:45.752 [main] TC_LoginTest_001 - URL is opened
[INFO ] 2024-09-17 17:11:46.812 [main] TC_LoginTest_001 - Entered username
[INFO ] 2024-09-17 17:11:47.473 [main] TC_LoginTest_001 - Entered password
[INFO ] 2024-09-17 17:11:49.945 [main] TC_LoginTest_001 - Login test passed
[INFO ] 2024-09-17 17:21:46.073 [main] TC_LoginTest_001 - URL is opened
[INFO ] 2024-09-17 17:21:47.139 [main] TC_LoginTest_001 - Entered username
[INFO ] 2024-09-17 17:21:47.788 [main] TC_LoginTest_001 - Entered password
[INFO ] 2024-09-17 17:21:50.174 [main] TC_LoginTest_001 - Login test passed
[INFO ] 2024-09-17 17:27:44.924 [main] TC_LoginTest_001 - URL is opened
[INFO ] 2024-09-17 17:27:45.966 [main] TC_LoginTest_001 - Entered username
[INFO ] 2024-09-17 17:27:46.625 [main] TC_LoginTest_001 - Entered password
[INFO ] 2024-09-17 17:27:49.093 [main] TC_LoginTest_001 - Login test passed
[INFO ] 2024-09-17 17:32:09.625 [main] TC_LoginTest_001 - URL is opened
[INFO ] 2024-09-17 17:32:10.702 [main] TC_LoginTest_001 - Entered username
[INFO ] 2024-09-17 17:32:11.327 [main] TC_LoginTest_001 - Entered password
[INFO ] 2024-09-17 17:32:13.881 [main] TC_LoginTest_001 - Login test passed
[INFO ] 2024-09-17 17:34:59.174 [main] TC_LoginTest_001 - URL is opened
[INFO ] 2024-09-17 17:35:00.156 [main] TC_LoginTest_001 - Entered username
[INFO ] 2024-09-17 17:35:00.803 [main] TC_LoginTest_001 - Entered password
[INFO ] 2024-09-17 17:35:03.294 [main] TC_LoginTest_001 - Login test passed
[INFO ] 2024-09-17 17:40:22.300 [main] TC_LoginTest_001 - URL is opened
[INFO ] 2024-09-17 17:40:23.410 [main] TC_LoginTest_001 - Entered username
[INFO ] 2024-09-17 17:40:24.089 [main] TC_LoginTest_001 - Entered password
[INFO ] 2024-09-17 17:40:26.403 [main] TC_LoginTest_001 - Login test passed
[INFO ] 2024-09-17 18:00:38.924 [main] TC_LoginTest_001 - URL is opened
[INFO ] 2024-09-17 18:00:40.072 [main] TC_LoginTest_001 - Entered username
[INFO ] 2024-09-17 18:00:40.713 [main] TC_LoginTest_001 - Entered password
[INFO ] 2024-09-17 18:00:42.406 [main] TC_LoginTest_001 - Login test passed
[INFO ] 2024-09-17 19:26:23.253 [main] TC_LoginTest_001 - URL is opened
[INFO ] 2024-09-17 19:26:24.197 [main] TC_LoginTest_001 - Entered username
[INFO ] 2024-09-17 19:26:24.757 [main] TC_LoginTest_001 - Entered password
[INFO ] 2024-09-17 19:26:26.389 [main] TC_LoginTest_001 - Login test passed
[INFO ] 2024-09-17 19:36:47.849 [main] TC_LoginTest_001 - URL is opened
[INFO ] 2024-09-17 19:36:48.825 [main] TC_LoginTest_001 - Entered username
[INFO ] 2024-09-17 19:36:49.374 [main] TC_LoginTest_001 - Entered password
[INFO ] 2024-09-17 19:36:50.953 [main] TC_LoginTest_001 - Login test passed
[INFO ] 2024-09-17 19:55:29.521 [main] TC_LoginTest_001 - URL is opened
[INFO ] 2024-09-17 19:55:30.726 [main] TC_LoginTest_001 - Entered username
[INFO ] 2024-09-17 19:55:31.311 [main] TC_LoginTest_001 - Entered password
[INFO ] 2024-09-17 19:55:32.939 [main] TC_LoginTest_001 - Login test passed
[INFO ] 2024-09-17 19:56:56.030 [main] TC_LoginTest_001 - URL is opened
[INFO ] 2024-09-17 19:56:57.001 [main] TC_LoginTest_001 - Entered username
[INFO ] 2024-09-17 19:56:57.581 [main] TC_LoginTest_001 - Entered password
[INFO ] 2024-09-17 19:56:59.480 [main] TC_LoginTest_001 - Login test passed
[INFO ] 2024-09-17 20:02:25.082 [main] TC_LoginTest_001 - URL is opened
[INFO ] 2024-09-17 20:02:25.953 [main] TC_LoginTest_001 - Entered username
[INFO ] 2024-09-17 20:02:26.513 [main] TC_LoginTest_001 - Entered password
[INFO ] 2024-09-17 20:02:28.198 [main] TC_LoginTest_001 - Login test passed
[INFO ] 2024-09-17 20:11:30.424 [main] TC_LoginTest_001 - URL is opened
[INFO ] 2024-09-17 20:11:31.598 [main] TC_LoginTest_001 - Entered username
[INFO ] 2024-09-17 20:11:32.205 [main] TC_LoginTest_001 - Entered password
[INFO ] 2024-09-17 20:11:33.850 [main] TC_LoginTest_001 - Login test passed
[INFO ] 2024-09-17 20:14:15.125 [main] TC_LoginTest_001 - URL is opened
[INFO ] 2024-09-17 20:14:16.078 [main] TC_LoginTest_001 - Entered username
[INFO ] 2024-09-17 20:14:16.725 [main] TC_LoginTest_001 - Entered password
[INFO ] 2024-09-17 20:14:18.682 [main] TC_LoginTest_001 - Login test passed
[INFO ] 2024-09-17 20:19:05.759 [main] TC_LoginTest_001 - URL is opened
[INFO ] 2024-09-17 20:19:06.717 [main] TC_LoginTest_001 - Entered username
[INFO ] 2024-09-17 20:19:07.303 [main] TC_LoginTest_001 - Entered password
[INFO ] 2024-09-17 20:19:09.213 [main] TC_LoginTest_001 - Login test passed
[INFO ] 2024-09-18 12:01:08.069 [main] TC_LoginTest_001 - URL is opened
[INFO ] 2024-09-18 12:01:08.942 [main] TC_LoginTest_001 - Entered username
[INFO ] 2024-09-18 12:01:09.499 [main] TC_LoginTest_001 - Entered password
[INFO ] 2024-09-18 12:01:11.292 [main] TC_LoginTest_001 - Login test passed
[INFO ] 2024-09-18 12:17:48.405 [main] TC_LoginTest_001 - URL is opened
[INFO ] 2024-09-18 12:17:49.507 [main] TC_LoginTest_001 - Entered username
[INFO ] 2024-09-18 12:17:50.080 [main] TC_LoginTest_001 - Entered password
[INFO ] 2024-09-18 12:17:51.845 [main] TC_LoginTest_001 - Login test passed
[INFO ] 2024-09-18 12:19:52.529 [main] TC_LoginTest_001 - URL is opened
[INFO ] 2024-09-18 12:19:53.480 [main] TC_LoginTest_001 - Entered username
[INFO ] 2024-09-18 12:19:54.034 [main] TC_LoginTest_001 - Entered password
[INFO ] 2024-09-18 12:19:55.640 [main] TC_LoginTest_001 - Login test passed
[INFO ] 2024-09-18 12:25:35.118 [main] TC_LoginTest_001 - URL is opened
[INFO ] 2024-09-18 12:25:36.102 [main] TC_LoginTest_001 - Entered username
[INFO ] 2024-09-18 12:25:36.767 [main] TC_LoginTest_001 - Entered password
[INFO ] 2024-09-18 12:25:38.666 [main] TC_LoginTest_001 - Login test passed
[INFO ] 2024-09-18 12:31:39.591 [main] TC_LoginTest_001 - URL is opened
[INFO ] 2024-09-18 12:31:39.727 [main] TC_LoginTest_001 - Entered username
[INFO ] 2024-09-18 12:31:39.813 [main] TC_LoginTest_001 - Entered password
[INFO ] 2024-09-18 12:31:40.865 [main] TC_LoginTest_001 - Login test passed
[INFO ] 2024-09-18 12:35:27.520 [main] TC_LoginTest_001 - URL is opened
[INFO ] 2024-09-18 12:35:27.658 [main] TC_LoginTest_001 - Entered username
[INFO ] 2024-09-18 12:35:27.746 [main] TC_LoginTest_001 - Entered password
[INFO ] 2024-09-18 12:35:28.756 [main] TC_LoginTest_001 - Login test passed
[INFO ] 2024-09-18 12:42:18.708 [main] TC_LoginTest_001 - URL is opened
[INFO ] 2024-09-18 12:42:18.831 [main] TC_LoginTest_001 - Entered username
[INFO ] 2024-09-18 12:42:18.913 [main] TC_LoginTest_001 - Entered password
[INFO ] 2024-09-18 12:42:19.983 [main] TC_LoginTest_001 - Login test passed
[INFO ] 2024-09-18 12:44:22.430 [main] TC_LoginTest_001 - URL is opened
[INFO ] 2024-09-18 12:44:22.551 [main] TC_LoginTest_001 - Entered username
[INFO ] 2024-09-18 12:44:22.635 [main] TC_LoginTest_001 - Entered password
[INFO ] 2024-09-18 12:44:23.628 [main] TC_LoginTest_001 - Login test passed
[INFO ] 2024-09-18 12:53:28.023 [main] TC_LoginTest_001 - URL is opened
[INFO ] 2024-09-18 12:53:28.148 [main] TC_LoginTest_001 - Entered username
[INFO ] 2024-09-18 12:53:28.235 [main] TC_LoginTest_001 - Entered password
[INFO ] 2024-09-18 12:53:29.237 [main] TC_LoginTest_001 - Login test passed
[INFO ] 2024-09-18 12:54:36.635 [main] TC_LoginTest_001 - URL is opened
[INFO ] 2024-09-18 12:54:36.761 [main] TC_LoginTest_001 - Entered username
[INFO ] 2024-09-18 12:54:36.851 [main] TC_LoginTest_001 - Entered password
[INFO ] 2024-09-18 12:54:38.008 [main] TC_LoginTest_001 - Login test passed
[INFO ] 2024-09-18 12:56:52.163 [main] TC_LoginTest_001 - URL is opened
[INFO ] 2024-09-18 12:56:52.284 [main] TC_LoginTest_001 - Entered username
[INFO ] 2024-09-18 12:56:52.362 [main] TC_LoginTest_001 - Entered password
[INFO ] 2024-09-18 14:16:48.116 [main] TC_LoginTest_001 - URL is opened
[INFO ] 2024-09-18 14:16:48.230 [main] TC_LoginTest_001 - Entered username
[INFO ] 2024-09-18 14:16:48.309 [main] TC_LoginTest_001 - Entered password
[INFO ] 2024-09-18 14:16:49.304 [main] TC_LoginTest_001 - Login test passed
[INFO ] 2024-09-18 14:18:12.244 [main] TC_LoginTest_001 - URL is opened
[INFO ] 2024-09-18 14:18:12.358 [main] TC_LoginTest_001 - Entered username
[INFO ] 2024-09-18 14:18:12.430 [main] TC_LoginTest_001 - Entered password
[INFO ] 2024-09-18 14:20:17.427 [main] TC_LoginTest_001 - URL is opened
[INFO ] 2024-09-18 14:20:17.572 [main] TC_LoginTest_001 - Entered username
[INFO ] 2024-09-18 14:20:17.666 [main] TC_LoginTest_001 - Entered password
[DEBUG] 2024-09-18 16:05:10.449 [main] PackageRelationshipCollection - Parsing relationship: /xl/_rels/workbook.xml.rels
[DEBUG] 2024-09-18 16:05:10.459 [main] PackageRelationshipCollection - Parsing relationship: /xl/worksheets/_rels/sheet1.xml.rels
[DEBUG] 2024-09-18 16:05:10.460 [main] PackageRelationshipCollection - Parsing relationship: /_rels/.rels
[DEBUG] 2024-09-18 16:05:10.873 [main] POIXMLFactory - using default POIXMLDocumentPart for http://schemas.openxmlformats.org/officeDocument/2006/relationships/printerSettings
[DEBUG] 2024-09-18 16:05:10.996 [main] PackageRelationshipCollection - Parsing relationship: /xl/_rels/workbook.xml.rels
[DEBUG] 2024-09-18 16:05:10.997 [main] PackageRelationshipCollection - Parsing relationship: /xl/worksheets/_rels/sheet1.xml.rels
[DEBUG] 2024-09-18 16:05:10.998 [main] PackageRelationshipCollection - Parsing relationship: /_rels/.rels
[DEBUG] 2024-09-18 16:05:11.011 [main] POIXMLFactory - using default POIXMLDocumentPart for http://schemas.openxmlformats.org/officeDocument/2006/relationships/printerSettings
[DEBUG] 2024-09-18 16:05:11.023 [main] PackageRelationshipCollection - Parsing relationship: /xl/_rels/workbook.xml.rels
[DEBUG] 2024-09-18 16:05:11.025 [main] PackageRelationshipCollection - Parsing relationship: /xl/worksheets/_rels/sheet1.xml.rels
[DEBUG] 2024-09-18 16:05:11.025 [main] PackageRelationshipCollection - Parsing relationship: /_rels/.rels
[DEBUG] 2024-09-18 16:05:11.033 [main] POIXMLFactory - using default POIXMLDocumentPart for http://schemas.openxmlformats.org/officeDocument/2006/relationships/printerSettings
[DEBUG] 2024-09-18 16:05:11.056 [main] PackageRelationshipCollection - Parsing relationship: /xl/_rels/workbook.xml.rels
[DEBUG] 2024-09-18 16:05:11.056 [main] PackageRelationshipCollection - Parsing relationship: /xl/worksheets/_rels/sheet1.xml.rels
[DEBUG] 2024-09-18 16:05:11.057 [main] PackageRelationshipCollection - Parsing relationship: /_rels/.rels
[DEBUG] 2024-09-18 16:05:11.064 [main] POIXMLFactory - using default POIXMLDocumentPart for http://schemas.openxmlformats.org/officeDocument/2006/relationships/printerSettings
[DEBUG] 2024-09-18 16:05:11.074 [main] PackageRelationshipCollection - Parsing relationship: /xl/_rels/workbook.xml.rels
[DEBUG] 2024-09-18 16:05:11.075 [main] PackageRelationshipCollection - Parsing relationship: /xl/worksheets/_rels/sheet1.xml.rels
[DEBUG] 2024-09-18 16:05:11.075 [main] PackageRelationshipCollection - Parsing relationship: /_rels/.rels
[DEBUG] 2024-09-18 16:05:11.082 [main] POIXMLFactory - using default POIXMLDocumentPart for http://schemas.openxmlformats.org/officeDocument/2006/relationships/printerSettings
[DEBUG] 2024-09-18 16:05:11.091 [main] PackageRelationshipCollection - Parsing relationship: /xl/_rels/workbook.xml.rels
[DEBUG] 2024-09-18 16:05:11.092 [main] PackageRelationshipCollection - Parsing relationship: /xl/worksheets/_rels/sheet1.xml.rels
[DEBUG] 2024-09-18 16:05:11.093 [main] PackageRelationshipCollection - Parsing relationship: /_rels/.rels
[DEBUG] 2024-09-18 16:05:11.101 [main] POIXMLFactory - using default POIXMLDocumentPart for http://schemas.openxmlformats.org/officeDocument/2006/relationships/printerSettings
[DEBUG] 2024-09-18 16:05:11.110 [main] PackageRelationshipCollection - Parsing relationship: /xl/_rels/workbook.xml.rels
[DEBUG] 2024-09-18 16:05:11.111 [main] PackageRelationshipCollection - Parsing relationship: /xl/worksheets/_rels/sheet1.xml.rels
[DEBUG] 2024-09-18 16:05:11.112 [main] PackageRelationshipCollection - Parsing relationship: /_rels/.rels
[DEBUG] 2024-09-18 16:05:11.119 [main] POIXMLFactory - using default POIXMLDocumentPart for http://schemas.openxmlformats.org/officeDocument/2006/relationships/printerSettings
[DEBUG] 2024-09-18 16:05:11.128 [main] PackageRelationshipCollection - Parsing relationship: /xl/_rels/workbook.xml.rels
[DEBUG] 2024-09-18 16:05:11.129 [main] PackageRelationshipCollection - Parsing relationship: /xl/worksheets/_rels/sheet1.xml.rels
[DEBUG] 2024-09-18 16:05:11.130 [main] PackageRelationshipCollection - Parsing relationship: /_rels/.rels
[DEBUG] 2024-09-18 16:05:11.139 [main] POIXMLFactory - using default POIXMLDocumentPart for http://schemas.openxmlformats.org/officeDocument/2006/relationships/printerSettings
[DEBUG] 2024-09-18 16:05:11.147 [main] PackageRelationshipCollection - Parsing relationship: /xl/_rels/workbook.xml.rels
[DEBUG] 2024-09-18 16:05:11.148 [main] PackageRelationshipCollection - Parsing relationship: /xl/worksheets/_rels/sheet1.xml.rels
[DEBUG] 2024-09-18 16:05:11.149 [main] PackageRelationshipCollection - Parsing relationship: /_rels/.rels
[DEBUG] 2024-09-18 16:05:11.154 [main] POIXMLFactory - using default POIXMLDocumentPart for http://schemas.openxmlformats.org/officeDocument/2006/relationships/printerSettings
[DEBUG] 2024-09-18 16:05:11.163 [main] PackageRelationshipCollection - Parsing relationship: /xl/_rels/workbook.xml.rels
[DEBUG] 2024-09-18 16:05:11.163 [main] PackageRelationshipCollection - Parsing relationship: /xl/worksheets/_rels/sheet1.xml.rels
[DEBUG] 2024-09-18 16:05:11.164 [main] PackageRelationshipCollection - Parsing relationship: /_rels/.rels
[DEBUG] 2024-09-18 16:05:11.170 [main] POIXMLFactory - using default POIXMLDocumentPart for http://schemas.openxmlformats.org/officeDocument/2006/relationships/printerSettings
[DEBUG] 2024-09-18 16:05:11.180 [main] PackageRelationshipCollection - Parsing relationship: /xl/_rels/workbook.xml.rels
[DEBUG] 2024-09-18 16:05:11.181 [main] PackageRelationshipCollection - Parsing relationship: /xl/worksheets/_rels/sheet1.xml.rels
[DEBUG] 2024-09-18 16:05:11.181 [main] PackageRelationshipCollection - Parsing relationship: /_rels/.rels
[DEBUG] 2024-09-18 16:05:11.189 [main] POIXMLFactory - using default POIXMLDocumentPart for http://schemas.openxmlformats.org/officeDocument/2006/relationships/printerSettings
[DEBUG] 2024-09-18 16:05:11.199 [main] PackageRelationshipCollection - Parsing relationship: /xl/_rels/workbook.xml.rels
[DEBUG] 2024-09-18 16:05:11.200 [main] PackageRelationshipCollection - Parsing relationship: /xl/worksheets/_rels/sheet1.xml.rels
[DEBUG] 2024-09-18 16:05:11.201 [main] PackageRelationshipCollection - Parsing relationship: /_rels/.rels
[DEBUG] 2024-09-18 16:05:11.206 [main] POIXMLFactory - using default POIXMLDocumentPart for http://schemas.openxmlformats.org/officeDocument/2006/relationships/printerSettings
[DEBUG] 2024-09-18 16:05:11.219 [main] PackageRelationshipCollection - Parsing relationship: /xl/_rels/workbook.xml.rels
[DEBUG] 2024-09-18 16:05:11.220 [main] PackageRelationshipCollection - Parsing relationship: /xl/worksheets/_rels/sheet1.xml.rels
[DEBUG] 2024-09-18 16:05:11.220 [main] PackageRelationshipCollection - Parsing relationship: /_rels/.rels
[DEBUG] 2024-09-18 16:05:11.227 [main] POIXMLFactory - using default POIXMLDocumentPart for http://schemas.openxmlformats.org/officeDocument/2006/relationships/printerSettings
[DEBUG] 2024-09-18 16:05:11.235 [main] PackageRelationshipCollection - Parsing relationship: /xl/_rels/workbook.xml.rels
[DEBUG] 2024-09-18 16:05:11.235 [main] PackageRelationshipCollection - Parsing relationship: /xl/worksheets/_rels/sheet1.xml.rels
[DEBUG] 2024-09-18 16:05:11.236 [main] PackageRelationshipCollection - Parsing relationship: /_rels/.rels
[DEBUG] 2024-09-18 16:05:11.241 [main] POIXMLFactory - using default POIXMLDocumentPart for http://schemas.openxmlformats.org/officeDocument/2006/relationships/printerSettings
[DEBUG] 2024-09-18 16:07:07.079 [main] PackageRelationshipCollection - Parsing relationship: /xl/_rels/workbook.xml.rels
[DEBUG] 2024-09-18 16:07:07.087 [main] PackageRelationshipCollection - Parsing relationship: /xl/worksheets/_rels/sheet1.xml.rels
[DEBUG] 2024-09-18 16:07:07.088 [main] PackageRelationshipCollection - Parsing relationship: /_rels/.rels
[DEBUG] 2024-09-18 16:07:07.412 [main] POIXMLFactory - using default POIXMLDocumentPart for http://schemas.openxmlformats.org/officeDocument/2006/relationships/printerSettings
[DEBUG] 2024-09-18 16:07:07.498 [main] PackageRelationshipCollection - Parsing relationship: /xl/_rels/workbook.xml.rels
[DEBUG] 2024-09-18 16:07:07.499 [main] PackageRelationshipCollection - Parsing relationship: /xl/worksheets/_rels/sheet1.xml.rels
[DEBUG] 2024-09-18 16:07:07.499 [main] PackageRelationshipCollection - Parsing relationship: /_rels/.rels
[DEBUG] 2024-09-18 16:07:07.509 [main] POIXMLFactory - using default POIXMLDocumentPart for http://schemas.openxmlformats.org/officeDocument/2006/relationships/printerSettings
[DEBUG] 2024-09-18 16:07:07.519 [main] PackageRelationshipCollection - Parsing relationship: /xl/_rels/workbook.xml.rels
[DEBUG] 2024-09-18 16:07:07.520 [main] PackageRelationshipCollection - Parsing relationship: /xl/worksheets/_rels/sheet1.xml.rels
[DEBUG] 2024-09-18 16:07:07.520 [main] PackageRelationshipCollection - Parsing relationship: /_rels/.rels
[DEBUG] 2024-09-18 16:07:07.530 [main] POIXMLFactory - using default POIXMLDocumentPart for http://schemas.openxmlformats.org/officeDocument/2006/relationships/printerSettings
[DEBUG] 2024-09-18 16:07:07.550 [main] PackageRelationshipCollection - Parsing relationship: /xl/_rels/workbook.xml.rels
[DEBUG] 2024-09-18 16:07:07.551 [main] PackageRelationshipCollection - Parsing relationship: /xl/worksheets/_rels/sheet1.xml.rels
[DEBUG] 2024-09-18 16:07:07.551 [main] PackageRelationshipCollection - Parsing relationship: /_rels/.rels
[DEBUG] 2024-09-18 16:07:07.559 [main] POIXMLFactory - using default POIXMLDocumentPart for http://schemas.openxmlformats.org/officeDocument/2006/relationships/printerSettings
[DEBUG] 2024-09-18 16:07:07.568 [main] PackageRelationshipCollection - Parsing relationship: /xl/_rels/workbook.xml.rels
[DEBUG] 2024-09-18 16:07:07.569 [main] PackageRelationshipCollection - Parsing relationship: /xl/worksheets/_rels/sheet1.xml.rels
[DEBUG] 2024-09-18 16:07:07.569 [main] PackageRelationshipCollection - Parsing relationship: /_rels/.rels
[DEBUG] 2024-09-18 16:07:07.576 [main] POIXMLFactory - using default POIXMLDocumentPart for http://schemas.openxmlformats.org/officeDocument/2006/relationships/printerSettings
[DEBUG] 2024-09-18 16:07:07.583 [main] PackageRelationshipCollection - Parsing relationship: /xl/_rels/workbook.xml.rels
[DEBUG] 2024-09-18 16:07:07.584 [main] PackageRelationshipCollection - Parsing relationship: /xl/worksheets/_rels/sheet1.xml.rels
[DEBUG] 2024-09-18 16:07:07.584 [main] PackageRelationshipCollection - Parsing relationship: /_rels/.rels
[DEBUG] 2024-09-18 16:07:07.591 [main] POIXMLFactory - using default POIXMLDocumentPart for http://schemas.openxmlformats.org/officeDocument/2006/relationships/printerSettings
[DEBUG] 2024-09-18 16:07:07.598 [main] PackageRelationshipCollection - Parsing relationship: /xl/_rels/workbook.xml.rels
[DEBUG] 2024-09-18 16:07:07.598 [main] PackageRelationshipCollection - Parsing relationship: /xl/worksheets/_rels/sheet1.xml.rels
[DEBUG] 2024-09-18 16:07:07.599 [main] PackageRelationshipCollection - Parsing relationship: /_rels/.rels
[DEBUG] 2024-09-18 16:07:07.604 [main] POIXMLFactory - using default POIXMLDocumentPart for http://schemas.openxmlformats.org/officeDocument/2006/relationships/printerSettings
[DEBUG] 2024-09-18 16:07:07.612 [main] PackageRelationshipCollection - Parsing relationship: /xl/_rels/workbook.xml.rels
[DEBUG] 2024-09-18 16:07:07.613 [main] PackageRelationshipCollection - Parsing relationship: /xl/worksheets/_rels/sheet1.xml.rels
[DEBUG] 2024-09-18 16:07:07.613 [main] PackageRelationshipCollection - Parsing relationship: /_rels/.rels
[DEBUG] 2024-09-18 16:07:07.622 [main] POIXMLFactory - using default POIXMLDocumentPart for http://schemas.openxmlformats.org/officeDocument/2006/relationships/printerSettings
[DEBUG] 2024-09-18 16:07:07.628 [main] PackageRelationshipCollection - Parsing relationship: /xl/_rels/workbook.xml.rels
[DEBUG] 2024-09-18 16:07:07.629 [main] PackageRelationshipCollection - Parsing relationship: /xl/worksheets/_rels/sheet1.xml.rels
[DEBUG] 2024-09-18 16:07:07.629 [main] PackageRelationshipCollection - Parsing relationship: /_rels/.rels
[DEBUG] 2024-09-18 16:07:07.635 [main] POIXMLFactory - using default POIXMLDocumentPart for http://schemas.openxmlformats.org/officeDocument/2006/relationships/printerSettings
[DEBUG] 2024-09-18 16:07:07.642 [main] PackageRelationshipCollection - Parsing relationship: /xl/_rels/workbook.xml.rels
[DEBUG] 2024-09-18 16:07:07.642 [main] PackageRelationshipCollection - Parsing relationship: /xl/worksheets/_rels/sheet1.xml.rels
[DEBUG] 2024-09-18 16:07:07.643 [main] PackageRelationshipCollection - Parsing relationship: /_rels/.rels
[DEBUG] 2024-09-18 16:07:07.648 [main] POIXMLFactory - using default POIXMLDocumentPart for http://schemas.openxmlformats.org/officeDocument/2006/relationships/printerSettings
[DEBUG] 2024-09-18 16:07:07.655 [main] PackageRelationshipCollection - Parsing relationship: /xl/_rels/workbook.xml.rels
[DEBUG] 2024-09-18 16:07:07.656 [main] PackageRelationshipCollection - Parsing relationship: /xl/worksheets/_rels/sheet1.xml.rels
[DEBUG] 2024-09-18 16:07:07.656 [main] PackageRelationshipCollection - Parsing relationship: /_rels/.rels
[DEBUG] 2024-09-18 16:07:07.661 [main] POIXMLFactory - using default POIXMLDocumentPart for http://schemas.openxmlformats.org/officeDocument/2006/relationships/printerSettings
[DEBUG] 2024-09-18 16:07:07.667 [main] PackageRelationshipCollection - Parsing relationship: /xl/_rels/workbook.xml.rels
[DEBUG] 2024-09-18 16:07:07.668 [main] PackageRelationshipCollection - Parsing relationship: /xl/worksheets/_rels/sheet1.xml.rels
[DEBUG] 2024-09-18 16:07:07.668 [main] PackageRelationshipCollection - Parsing relationship: /_rels/.rels
[DEBUG] 2024-09-18 16:07:07.673 [main] POIXMLFactory - using default POIXMLDocumentPart for http://schemas.openxmlformats.org/officeDocument/2006/relationships/printerSettings
[DEBUG] 2024-09-18 16:07:07.679 [main] PackageRelationshipCollection - Parsing relationship: /xl/_rels/workbook.xml.rels
[DEBUG] 2024-09-18 16:07:07.680 [main] PackageRelationshipCollection - Parsing relationship: /xl/worksheets/_rels/sheet1.xml.rels
[DEBUG] 2024-09-18 16:07:07.680 [main] PackageRelationshipCollection - Parsing relationship: /_rels/.rels
[DEBUG] 2024-09-18 16:07:07.689 [main] POIXMLFactory - using default POIXMLDocumentPart for http://schemas.openxmlformats.org/officeDocument/2006/relationships/printerSettings
[DEBUG] 2024-09-18 16:07:07.695 [main] PackageRelationshipCollection - Parsing relationship: /xl/_rels/workbook.xml.rels
[DEBUG] 2024-09-18 16:07:07.700 [main] PackageRelationshipCollection - Parsing relationship: /xl/worksheets/_rels/sheet1.xml.rels
[DEBUG] 2024-09-18 16:07:07.701 [main] PackageRelationshipCollection - Parsing relationship: /_rels/.rels
[DEBUG] 2024-09-18 16:07:07.705 [main] POIXMLFactory - using default POIXMLDocumentPart for http://schemas.openxmlformats.org/officeDocument/2006/relationships/printerSettings
[DEBUG] 2024-09-18 16:08:22.714 [main] PackageRelationshipCollection - Parsing relationship: /xl/_rels/workbook.xml.rels
[DEBUG] 2024-09-18 16:08:22.720 [main] PackageRelationshipCollection - Parsing relationship: /xl/worksheets/_rels/sheet1.xml.rels
[DEBUG] 2024-09-18 16:08:22.721 [main] PackageRelationshipCollection - Parsing relationship: /_rels/.rels
[DEBUG] 2024-09-18 16:08:22.995 [main] POIXMLFactory - using default POIXMLDocumentPart for http://schemas.openxmlformats.org/officeDocument/2006/relationships/printerSettings
[DEBUG] 2024-09-18 16:08:23.060 [main] PackageRelationshipCollection - Parsing relationship: /xl/_rels/workbook.xml.rels
[DEBUG] 2024-09-18 16:08:23.061 [main] PackageRelationshipCollection - Parsing relationship: /xl/worksheets/_rels/sheet1.xml.rels
[DEBUG] 2024-09-18 16:08:23.061 [main] PackageRelationshipCollection - Parsing relationship: /_rels/.rels
[DEBUG] 2024-09-18 16:08:23.073 [main] POIXMLFactory - using default POIXMLDocumentPart for http://schemas.openxmlformats.org/officeDocument/2006/relationships/printerSettings
[DEBUG] 2024-09-18 16:08:23.082 [main] PackageRelationshipCollection - Parsing relationship: /xl/_rels/workbook.xml.rels
[DEBUG] 2024-09-18 16:08:23.083 [main] PackageRelationshipCollection - Parsing relationship: /xl/worksheets/_rels/sheet1.xml.rels
[DEBUG] 2024-09-18 16:08:23.083 [main] PackageRelationshipCollection - Parsing relationship: /_rels/.rels
[DEBUG] 2024-09-18 16:08:23.091 [main] POIXMLFactory - using default POIXMLDocumentPart for http://schemas.openxmlformats.org/officeDocument/2006/relationships/printerSettings
[DEBUG] 2024-09-18 16:08:23.113 [main] PackageRelationshipCollection - Parsing relationship: /xl/_rels/workbook.xml.rels
[DEBUG] 2024-09-18 16:08:23.114 [main] PackageRelationshipCollection - Parsing relationship: /xl/worksheets/_rels/sheet1.xml.rels
[DEBUG] 2024-09-18 16:08:23.114 [main] PackageRelationshipCollection - Parsing relationship: /_rels/.rels
[DEBUG] 2024-09-18 16:08:23.122 [main] POIXMLFactory - using default POIXMLDocumentPart for http://schemas.openxmlformats.org/officeDocument/2006/relationships/printerSettings
[DEBUG] 2024-09-18 16:08:23.130 [main] PackageRelationshipCollection - Parsing relationship: /xl/_rels/workbook.xml.rels
[DEBUG] 2024-09-18 16:08:23.131 [main] PackageRelationshipCollection - Parsing relationship: /xl/worksheets/_rels/sheet1.xml.rels
[DEBUG] 2024-09-18 16:08:23.131 [main] PackageRelationshipCollection - Parsing relationship: /_rels/.rels
[DEBUG] 2024-09-18 16:08:23.138 [main] POIXMLFactory - using default POIXMLDocumentPart for http://schemas.openxmlformats.org/officeDocument/2006/relationships/printerSettings
[DEBUG] 2024-09-18 16:08:23.147 [main] PackageRelationshipCollection - Parsing relationship: /xl/_rels/workbook.xml.rels
[DEBUG] 2024-09-18 16:08:23.148 [main] PackageRelationshipCollection - Parsing relationship: /xl/worksheets/_rels/sheet1.xml.rels
[DEBUG] 2024-09-18 16:08:23.148 [main] PackageRelationshipCollection - Parsing relationship: /_rels/.rels
[DEBUG] 2024-09-18 16:08:23.155 [main] POIXMLFactory - using default POIXMLDocumentPart for http://schemas.openxmlformats.org/officeDocument/2006/relationships/printerSettings
[DEBUG] 2024-09-18 16:08:23.167 [main] PackageRelationshipCollection - Parsing relationship: /xl/_rels/workbook.xml.rels
[DEBUG] 2024-09-18 16:08:23.168 [main] PackageRelationshipCollection - Parsing relationship: /xl/worksheets/_rels/sheet1.xml.rels
[DEBUG] 2024-09-18 16:08:23.169 [main] PackageRelationshipCollection - Parsing relationship: /_rels/.rels
[DEBUG] 2024-09-18 16:08:23.176 [main] POIXMLFactory - using default POIXMLDocumentPart for http://schemas.openxmlformats.org/officeDocument/2006/relationships/printerSettings
[DEBUG] 2024-09-18 16:08:23.185 [main] PackageRelationshipCollection - Parsing relationship: /xl/_rels/workbook.xml.rels
[DEBUG] 2024-09-18 16:08:23.186 [main] PackageRelationshipCollection - Parsing relationship: /xl/worksheets/_rels/sheet1.xml.rels
[DEBUG] 2024-09-18 16:08:23.186 [main] PackageRelationshipCollection - Parsing relationship: /_rels/.rels
[DEBUG] 2024-09-18 16:08:23.196 [main] POIXMLFactory - using default POIXMLDocumentPart for http://schemas.openxmlformats.org/officeDocument/2006/relationships/printerSettings
[DEBUG] 2024-09-18 16:08:23.203 [main] PackageRelationshipCollection - Parsing relationship: /xl/_rels/workbook.xml.rels
[DEBUG] 2024-09-18 16:08:23.203 [main] PackageRelationshipCollection - Parsing relationship: /xl/worksheets/_rels/sheet1.xml.rels
[DEBUG] 2024-09-18 16:08:23.204 [main] PackageRelationshipCollection - Parsing relationship: /_rels/.rels
[DEBUG] 2024-09-18 16:08:23.210 [main] POIXMLFactory - using default POIXMLDocumentPart for http://schemas.openxmlformats.org/officeDocument/2006/relationships/printerSettings
[DEBUG] 2024-09-18 16:08:23.218 [main] PackageRelationshipCollection - Parsing relationship: /xl/_rels/workbook.xml.rels
[DEBUG] 2024-09-18 16:08:23.218 [main] PackageRelationshipCollection - Parsing relationship: /xl/worksheets/_rels/sheet1.xml.rels
[DEBUG] 2024-09-18 16:08:23.219 [main] PackageRelationshipCollection - Parsing relationship: /_rels/.rels
[DEBUG] 2024-09-18 16:08:23.224 [main] POIXMLFactory - using default POIXMLDocumentPart for http://schemas.openxmlformats.org/officeDocument/2006/relationships/printerSettings
[DEBUG] 2024-09-18 16:08:23.233 [main] PackageRelationshipCollection - Parsing relationship: /xl/_rels/workbook.xml.rels
[DEBUG] 2024-09-18 16:08:23.233 [main] PackageRelationshipCollection - Parsing relationship: /xl/worksheets/_rels/sheet1.xml.rels
[DEBUG] 2024-09-18 16:08:23.234 [main] PackageRelationshipCollection - Parsing relationship: /_rels/.rels
[DEBUG] 2024-09-18 16:08:23.245 [main] POIXMLFactory - using default POIXMLDocumentPart for http://schemas.openxmlformats.org/officeDocument/2006/relationships/printerSettings
[DEBUG] 2024-09-18 16:08:23.252 [main] PackageRelationshipCollection - Parsing relationship: /xl/_rels/workbook.xml.rels
[DEBUG] 2024-09-18 16:08:23.253 [main] PackageRelationshipCollection - Parsing relationship: /xl/worksheets/_rels/sheet1.xml.rels
[DEBUG] 2024-09-18 16:08:23.253 [main] PackageRelationshipCollection - Parsing relationship: /_rels/.rels
[DEBUG] 2024-09-18 16:08:23.258 [main] POIXMLFactory - using default POIXMLDocumentPart for http://schemas.openxmlformats.org/officeDocument/2006/relationships/printerSettings
[DEBUG] 2024-09-18 16:08:23.267 [main] PackageRelationshipCollection - Parsing relationship: /xl/_rels/workbook.xml.rels
[DEBUG] 2024-09-18 16:08:23.268 [main] PackageRelationshipCollection - Parsing relationship: /xl/worksheets/_rels/sheet1.xml.rels
[DEBUG] 2024-09-18 16:08:23.268 [main] PackageRelationshipCollection - Parsing relationship: /_rels/.rels
[DEBUG] 2024-09-18 16:08:23.274 [main] POIXMLFactory - using default POIXMLDocumentPart for http://schemas.openxmlformats.org/officeDocument/2006/relationships/printerSettings
[DEBUG] 2024-09-18 16:08:23.282 [main] PackageRelationshipCollection - Parsing relationship: /xl/_rels/workbook.xml.rels
[DEBUG] 2024-09-18 16:08:23.282 [main] PackageRelationshipCollection - Parsing relationship: /xl/worksheets/_rels/sheet1.xml.rels
[DEBUG] 2024-09-18 16:08:23.283 [main] PackageRelationshipCollection - Parsing relationship: /_rels/.rels
[DEBUG] 2024-09-18 16:08:23.288 [main] POIXMLFactory - using default POIXMLDocumentPart for http://schemas.openxmlformats.org/officeDocument/2006/relationships/printerSettings
[DEBUG] 2024-09-18 16:16:29.482 [main] PackageRelationshipCollection - Parsing relationship: /xl/_rels/workbook.xml.rels
[DEBUG] 2024-09-18 16:16:29.490 [main] PackageRelationshipCollection - Parsing relationship: /xl/worksheets/_rels/sheet1.xml.rels
[DEBUG] 2024-09-18 16:16:29.491 [main] PackageRelationshipCollection - Parsing relationship: /_rels/.rels
[DEBUG] 2024-09-18 16:16:29.784 [main] POIXMLFactory - using default POIXMLDocumentPart for http://schemas.openxmlformats.org/officeDocument/2006/relationships/printerSettings
[DEBUG] 2024-09-18 16:16:29.852 [main] PackageRelationshipCollection - Parsing relationship: /xl/_rels/workbook.xml.rels
[DEBUG] 2024-09-18 16:16:29.853 [main] PackageRelationshipCollection - Parsing relationship: /xl/worksheets/_rels/sheet1.xml.rels
[DEBUG] 2024-09-18 16:16:29.854 [main] PackageRelationshipCollection - Parsing relationship: /_rels/.rels
[DEBUG] 2024-09-18 16:16:29.864 [main] POIXMLFactory - using default POIXMLDocumentPart for http://schemas.openxmlformats.org/officeDocument/2006/relationships/printerSettings
[DEBUG] 2024-09-18 16:16:29.873 [main] PackageRelationshipCollection - Parsing relationship: /xl/_rels/workbook.xml.rels
[DEBUG] 2024-09-18 16:16:29.874 [main] PackageRelationshipCollection - Parsing relationship: /xl/worksheets/_rels/sheet1.xml.rels
[DEBUG] 2024-09-18 16:16:29.874 [main] PackageRelationshipCollection - Parsing relationship: /_rels/.rels
[DEBUG] 2024-09-18 16:16:29.882 [main] POIXMLFactory - using default POIXMLDocumentPart for http://schemas.openxmlformats.org/officeDocument/2006/relationships/printerSettings
[DEBUG] 2024-09-18 16:16:29.904 [main] PackageRelationshipCollection - Parsing relationship: /xl/_rels/workbook.xml.rels
[DEBUG] 2024-09-18 16:16:29.905 [main] PackageRelationshipCollection - Parsing relationship: /xl/worksheets/_rels/sheet1.xml.rels
[DEBUG] 2024-09-18 16:16:29.906 [main] PackageRelationshipCollection - Parsing relationship: /_rels/.rels
[DEBUG] 2024-09-18 16:16:29.913 [main] POIXMLFactory - using default POIXMLDocumentPart for http://schemas.openxmlformats.org/officeDocument/2006/relationships/printerSettings
[DEBUG] 2024-09-18 16:16:29.920 [main] PackageRelationshipCollection - Parsing relationship: /xl/_rels/workbook.xml.rels
[DEBUG] 2024-09-18 16:16:29.921 [main] PackageRelationshipCollection - Parsing relationship: /xl/worksheets/_rels/sheet1.xml.rels
[DEBUG] 2024-09-18 16:16:29.922 [main] PackageRelationshipCollection - Parsing relationship: /_rels/.rels
[DEBUG] 2024-09-18 16:16:29.927 [main] POIXMLFactory - using default POIXMLDocumentPart for http://schemas.openxmlformats.org/officeDocument/2006/relationships/printerSettings
[DEBUG] 2024-09-18 16:16:29.940 [main] PackageRelationshipCollection - Parsing relationship: /xl/_rels/workbook.xml.rels
[DEBUG] 2024-09-18 16:16:29.941 [main] PackageRelationshipCollection - Parsing relationship: /xl/worksheets/_rels/sheet1.xml.rels
[DEBUG] 2024-09-18 16:16:29.941 [main] PackageRelationshipCollection - Parsing relationship: /_rels/.rels
[DEBUG] 2024-09-18 16:16:29.947 [main] POIXMLFactory - using default POIXMLDocumentPart for http://schemas.openxmlformats.org/officeDocument/2006/relationships/printerSettings
[DEBUG] 2024-09-18 16:16:29.955 [main] PackageRelationshipCollection - Parsing relationship: /xl/_rels/workbook.xml.rels
[DEBUG] 2024-09-18 16:16:29.955 [main] PackageRelationshipCollection - Parsing relationship: /xl/worksheets/_rels/sheet1.xml.rels
[DEBUG] 2024-09-18 16:16:29.956 [main] PackageRelationshipCollection - Parsing relationship: /_rels/.rels
[DEBUG] 2024-09-18 16:16:29.961 [main] POIXMLFactory - using default POIXMLDocumentPart for http://schemas.openxmlformats.org/officeDocument/2006/relationships/printerSettings
[DEBUG] 2024-09-18 16:16:29.971 [main] PackageRelationshipCollection - Parsing relationship: /xl/_rels/workbook.xml.rels
[DEBUG] 2024-09-18 16:16:29.972 [main] PackageRelationshipCollection - Parsing relationship: /xl/worksheets/_rels/sheet1.xml.rels
[DEBUG] 2024-09-18 16:16:29.973 [main] PackageRelationshipCollection - Parsing relationship: /_rels/.rels
[DEBUG] 2024-09-18 16:16:29.980 [main] POIXMLFactory - using default POIXMLDocumentPart for http://schemas.openxmlformats.org/officeDocument/2006/relationships/printerSettings
[DEBUG] 2024-09-18 16:16:29.987 [main] PackageRelationshipCollection - Parsing relationship: /xl/_rels/workbook.xml.rels
[DEBUG] 2024-09-18 16:16:29.988 [main] PackageRelationshipCollection - Parsing relationship: /xl/worksheets/_rels/sheet1.xml.rels
[DEBUG] 2024-09-18 16:16:29.988 [main] PackageRelationshipCollection - Parsing relationship: /_rels/.rels
[DEBUG] 2024-09-18 16:16:29.993 [main] POIXMLFactory - using default POIXMLDocumentPart for http://schemas.openxmlformats.org/officeDocument/2006/relationships/printerSettings
[DEBUG] 2024-09-18 16:16:29.999 [main] PackageRelationshipCollection - Parsing relationship: /xl/_rels/workbook.xml.rels
[DEBUG] 2024-09-18 16:16:30.000 [main] PackageRelationshipCollection - Parsing relationship: /xl/worksheets/_rels/sheet1.xml.rels
[DEBUG] 2024-09-18 16:16:30.000 [main] PackageRelationshipCollection - Parsing relationship: /_rels/.rels
[DEBUG] 2024-09-18 16:16:30.006 [main] POIXMLFactory - using default POIXMLDocumentPart for http://schemas.openxmlformats.org/officeDocument/2006/relationships/printerSettings
[DEBUG] 2024-09-18 16:16:30.014 [main] PackageRelationshipCollection - Parsing relationship: /xl/_rels/workbook.xml.rels
[DEBUG] 2024-09-18 16:16:30.015 [main] PackageRelationshipCollection - Parsing relationship: /xl/worksheets/_rels/sheet1.xml.rels
[DEBUG] 2024-09-18 16:16:30.015 [main] PackageRelationshipCollection - Parsing relationship: /_rels/.rels
[DEBUG] 2024-09-18 16:16:30.021 [main] POIXMLFactory - using default POIXMLDocumentPart for http://schemas.openxmlformats.org/officeDocument/2006/relationships/printerSettings
[DEBUG] 2024-09-18 16:16:30.029 [main] PackageRelationshipCollection - Parsing relationship: /xl/_rels/workbook.xml.rels
[DEBUG] 2024-09-18 16:16:30.029 [main] PackageRelationshipCollection - Parsing relationship: /xl/worksheets/_rels/sheet1.xml.rels
[DEBUG] 2024-09-18 16:16:30.030 [main] PackageRelationshipCollection - Parsing relationship: /_rels/.rels
[DEBUG] 2024-09-18 16:16:30.036 [main] POIXMLFactory - using default POIXMLDocumentPart for http://schemas.openxmlformats.org/officeDocument/2006/relationships/printerSettings
[DEBUG] 2024-09-18 16:16:30.046 [main] PackageRelationshipCollection - Parsing relationship: /xl/_rels/workbook.xml.rels
[DEBUG] 2024-09-18 16:16:30.047 [main] PackageRelationshipCollection - Parsing relationship: /xl/worksheets/_rels/sheet1.xml.rels
[DEBUG] 2024-09-18 16:16:30.047 [main] PackageRelationshipCollection - Parsing relationship: /_rels/.rels
[DEBUG] 2024-09-18 16:16:30.053 [main] POIXMLFactory - using default POIXMLDocumentPart for http://schemas.openxmlformats.org/officeDocument/2006/relationships/printerSettings
[DEBUG] 2024-09-18 16:16:30.062 [main] PackageRelationshipCollection - Parsing relationship: /xl/_rels/workbook.xml.rels
[DEBUG] 2024-09-18 16:16:30.063 [main] PackageRelationshipCollection - Parsing relationship: /xl/worksheets/_rels/sheet1.xml.rels
[DEBUG] 2024-09-18 16:16:30.063 [main] PackageRelationshipCollection - Parsing relationship: /_rels/.rels
[DEBUG] 2024-09-18 16:16:30.068 [main] POIXMLFactory - using default POIXMLDocumentPart for http://schemas.openxmlformats.org/officeDocument/2006/relationships/printerSettings
[INFO ] 2024-09-18 16:16:30.234 [main] TC_LoginTest_001 - Entered username
[INFO ] 2024-09-18 16:16:30.315 [main] TC_LoginTest_001 - Entered password
[INFO ] 2024-09-18 16:16:34.317 [main] TC_LoginTest_001 - Login Passed
[INFO ] 2024-09-18 16:16:39.665 [main] TC_LoginTest_001 - Entered username
[INFO ] 2024-09-18 16:16:39.766 [main] TC_LoginTest_001 - Entered password
[INFO ] 2024-09-18 16:16:45.287 [main] TC_LoginTest_001 - Entered username
[INFO ] 2024-09-18 16:16:45.405 [main] TC_LoginTest_001 - Entered password
[INFO ] 2024-09-18 16:16:49.803 [main] TC_LoginTest_001 - Entered username
[INFO ] 2024-09-18 16:16:49.873 [main] TC_LoginTest_001 - Entered password
[INFO ] 2024-09-18 16:16:54.879 [main] TC_LoginTest_001 - Entered username
[INFO ] 2024-09-18 16:16:54.936 [main] TC_LoginTest_001 - Entered password
[INFO ] 2024-09-18 16:16:58.004 [main] TC_LoginTest_001 - Login Passed
[INFO ] 2024-09-18 16:17:08.122 [main] TC_LoginTest_001 - Entered username
[INFO ] 2024-09-18 16:17:08.214 [main] TC_LoginTest_001 - Entered password
[INFO ] 2024-09-18 19:47:04.189 [main] TC_LoginTest_001 - URL is opened
[INFO ] 2024-09-18 19:47:05.164 [main] TC_LoginTest_001 - Entered username
[INFO ] 2024-09-18 19:47:05.764 [main] TC_LoginTest_001 - Entered password
[DEBUG] 2024-09-18 19:47:22.953 [main] PackageRelationshipCollection - Parsing relationship: /xl/_rels/workbook.xml.rels
[DEBUG] 2024-09-18 19:47:22.974 [main] PackageRelationshipCollection - Parsing relationship: /xl/worksheets/_rels/sheet1.xml.rels
[DEBUG] 2024-09-18 19:47:22.982 [main] PackageRelationshipCollection - Parsing relationship: /_rels/.rels
[DEBUG] 2024-09-18 19:47:25.750 [main] POIXMLFactory - using default POIXMLDocumentPart for http://schemas.openxmlformats.org/officeDocument/2006/relationships/printerSettings
[DEBUG] 2024-09-18 19:47:26.329 [main] PackageRelationshipCollection - Parsing relationship: /xl/_rels/workbook.xml.rels
[DEBUG] 2024-09-18 19:47:26.337 [main] PackageRelationshipCollection - Parsing relationship: /xl/worksheets/_rels/sheet1.xml.rels
[DEBUG] 2024-09-18 19:47:26.344 [main] PackageRelationshipCollection - Parsing relationship: /_rels/.rels
[DEBUG] 2024-09-18 19:47:26.457 [main] POIXMLFactory - using default POIXMLDocumentPart for http://schemas.openxmlformats.org/officeDocument/2006/relationships/printerSettings
[DEBUG] 2024-09-18 19:47:26.557 [main] PackageRelationshipCollection - Parsing relationship: /xl/_rels/workbook.xml.rels
[DEBUG] 2024-09-18 19:47:26.565 [main] PackageRelationshipCollection - Parsing relationship: /xl/worksheets/_rels/sheet1.xml.rels
[DEBUG] 2024-09-18 19:47:26.571 [main] PackageRelationshipCollection - Parsing relationship: /_rels/.rels
[DEBUG] 2024-09-18 19:47:26.650 [main] POIXMLFactory - using default POIXMLDocumentPart for http://schemas.openxmlformats.org/officeDocument/2006/relationships/printerSettings
[DEBUG] 2024-09-18 19:47:26.791 [main] PackageRelationshipCollection - Parsing relationship: /xl/_rels/workbook.xml.rels
[DEBUG] 2024-09-18 19:47:26.799 [main] PackageRelationshipCollection - Parsing relationship: /xl/worksheets/_rels/sheet1.xml.rels
[DEBUG] 2024-09-18 19:47:26.804 [main] PackageRelationshipCollection - Parsing relationship: /_rels/.rels
[DEBUG] 2024-09-18 19:47:26.871 [main] POIXMLFactory - using default POIXMLDocumentPart for http://schemas.openxmlformats.org/officeDocument/2006/relationships/printerSettings
[DEBUG] 2024-09-18 19:47:26.948 [main] PackageRelationshipCollection - Parsing relationship: /xl/_rels/workbook.xml.rels
[DEBUG] 2024-09-18 19:47:26.955 [main] PackageRelationshipCollection - Parsing relationship: /xl/worksheets/_rels/sheet1.xml.rels
[DEBUG] 2024-09-18 19:47:26.960 [main] PackageRelationshipCollection - Parsing relationship: /_rels/.rels
[DEBUG] 2024-09-18 19:47:27.024 [main] POIXMLFactory - using default POIXMLDocumentPart for http://schemas.openxmlformats.org/officeDocument/2006/relationships/printerSettings
[DEBUG] 2024-09-18 19:47:27.087 [main] PackageRelationshipCollection - Parsing relationship: /xl/_rels/workbook.xml.rels
[DEBUG] 2024-09-18 19:47:27.095 [main] PackageRelationshipCollection - Parsing relationship: /xl/worksheets/_rels/sheet1.xml.rels
[DEBUG] 2024-09-18 19:47:27.102 [main] PackageRelationshipCollection - Parsing relationship: /_rels/.rels
[DEBUG] 2024-09-18 19:47:27.159 [main] POIXMLFactory - using default POIXMLDocumentPart for http://schemas.openxmlformats.org/officeDocument/2006/relationships/printerSettings
[DEBUG] 2024-09-18 19:47:27.220 [main] PackageRelationshipCollection - Parsing relationship: /xl/_rels/workbook.xml.rels
[DEBUG] 2024-09-18 19:47:27.224 [main] PackageRelationshipCollection - Parsing relationship: /xl/worksheets/_rels/sheet1.xml.rels
[DEBUG] 2024-09-18 19:47:27.229 [main] PackageRelationshipCollection - Parsing relationship: /_rels/.rels
[DEBUG] 2024-09-18 19:47:27.284 [main] POIXMLFactory - using default POIXMLDocumentPart for http://schemas.openxmlformats.org/officeDocument/2006/relationships/printerSettings
[DEBUG] 2024-09-18 19:47:27.345 [main] PackageRelationshipCollection - Parsing relationship: /xl/_rels/workbook.xml.rels
[DEBUG] 2024-09-18 19:47:27.349 [main] PackageRelationshipCollection - Parsing relationship: /xl/worksheets/_rels/sheet1.xml.rels
[DEBUG] 2024-09-18 19:47:27.353 [main] PackageRelationshipCollection - Parsing relationship: /_rels/.rels
[DEBUG] 2024-09-18 19:47:27.414 [main] POIXMLFactory - using default POIXMLDocumentPart for http://schemas.openxmlformats.org/officeDocument/2006/relationships/printerSettings
[DEBUG] 2024-09-18 19:47:27.489 [main] PackageRelationshipCollection - Parsing relationship: /xl/_rels/workbook.xml.rels
[DEBUG] 2024-09-18 19:47:27.497 [main] PackageRelationshipCollection - Parsing relationship: /xl/worksheets/_rels/sheet1.xml.rels
[DEBUG] 2024-09-18 19:47:27.502 [main] PackageRelationshipCollection - Parsing relationship: /_rels/.rels
[DEBUG] 2024-09-18 19:47:27.561 [main] POIXMLFactory - using default POIXMLDocumentPart for http://schemas.openxmlformats.org/officeDocument/2006/relationships/printerSettings
[DEBUG] 2024-09-18 19:47:27.623 [main] PackageRelationshipCollection - Parsing relationship: /xl/_rels/workbook.xml.rels
[DEBUG] 2024-09-18 19:47:27.628 [main] PackageRelationshipCollection - Parsing relationship: /xl/worksheets/_rels/sheet1.xml.rels
[DEBUG] 2024-09-18 19:47:27.633 [main] PackageRelationshipCollection - Parsing relationship: /_rels/.rels
[DEBUG] 2024-09-18 19:47:27.687 [main] POIXMLFactory - using default POIXMLDocumentPart for http://schemas.openxmlformats.org/officeDocument/2006/relationships/printerSettings
[DEBUG] 2024-09-18 19:47:27.761 [main] PackageRelationshipCollection - Parsing relationship: /xl/_rels/workbook.xml.rels
[DEBUG] 2024-09-18 19:47:27.765 [main] PackageRelationshipCollection - Parsing relationship: /xl/worksheets/_rels/sheet1.xml.rels
[DEBUG] 2024-09-18 19:47:27.768 [main] PackageRelationshipCollection - Parsing relationship: /_rels/.rels
[DEBUG] 2024-09-18 19:47:27.818 [main] POIXMLFactory - using default POIXMLDocumentPart for http://schemas.openxmlformats.org/officeDocument/2006/relationships/printerSettings
[DEBUG] 2024-09-18 19:47:27.885 [main] PackageRelationshipCollection - Parsing relationship: /xl/_rels/workbook.xml.rels
[DEBUG] 2024-09-18 19:47:27.890 [main] PackageRelationshipCollection - Parsing relationship: /xl/worksheets/_rels/sheet1.xml.rels
[DEBUG] 2024-09-18 19:47:27.895 [main] PackageRelationshipCollection - Parsing relationship: /_rels/.rels
[DEBUG] 2024-09-18 19:47:27.948 [main] POIXMLFactory - using default POIXMLDocumentPart for http://schemas.openxmlformats.org/officeDocument/2006/relationships/printerSettings
[DEBUG] 2024-09-18 19:47:28.004 [main] PackageRelationshipCollection - Parsing relationship: /xl/_rels/workbook.xml.rels
[DEBUG] 2024-09-18 19:47:28.011 [main] PackageRelationshipCollection - Parsing relationship: /xl/worksheets/_rels/sheet1.xml.rels
[DEBUG] 2024-09-18 19:47:28.016 [main] PackageRelationshipCollection - Parsing relationship: /_rels/.rels
[DEBUG] 2024-09-18 19:47:28.085 [main] POIXMLFactory - using default POIXMLDocumentPart for http://schemas.openxmlformats.org/officeDocument/2006/relationships/printerSettings
[DEBUG] 2024-09-18 19:47:28.147 [main] PackageRelationshipCollection - Parsing relationship: /xl/_rels/workbook.xml.rels
[DEBUG] 2024-09-18 19:47:28.152 [main] PackageRelationshipCollection - Parsing relationship: /xl/worksheets/_rels/sheet1.xml.rels
[DEBUG] 2024-09-18 19:47:28.155 [main] PackageRelationshipCollection - Parsing relationship: /_rels/.rels
[DEBUG] 2024-09-18 19:47:28.192 [main] POIXMLFactory - using default POIXMLDocumentPart for http://schemas.openxmlformats.org/officeDocument/2006/relationships/printerSettings
[INFO ] 2024-09-18 19:47:29.019 [main] TC_LoginTest_001 - Entered username
[INFO ] 2024-09-18 19:47:29.617 [main] TC_LoginTest_001 - Entered password
[INFO ] 2024-09-18 19:47:34.384 [main] TC_LoginTest_001 - Login Passed
[INFO ] 2024-09-18 19:47:41.719 [main] TC_LoginTest_001 - Entered username
[INFO ] 2024-09-18 19:47:42.329 [main] TC_LoginTest_001 - Entered password
[INFO ] 2024-09-18 19:47:49.463 [main] TC_LoginTest_001 - Entered username
[INFO ] 2024-09-18 19:47:49.932 [main] TC_LoginTest_001 - Entered password
[INFO ] 2024-09-18 19:47:55.532 [main] TC_LoginTest_001 - Entered username
[INFO ] 2024-09-18 19:47:56.008 [main] TC_LoginTest_001 - Entered password
[INFO ] 2024-09-18 19:48:01.840 [main] TC_LoginTest_001 - Entered username
[INFO ] 2024-09-18 19:48:02.222 [main] TC_LoginTest_001 - Entered password
[INFO ] 2024-09-18 19:48:05.582 [main] TC_LoginTest_001 - Login Passed
[INFO ] 2024-09-18 19:48:16.004 [main] TC_LoginTest_001 - Entered username
[INFO ] 2024-09-18 19:48:16.330 [main] TC_LoginTest_001 - Entered password
[INFO ] 2024-09-19 15:42:30.833 [main] TC_LoginTest_001 - URL is opened
[INFO ] 2024-09-19 15:42:31.773 [main] TC_LoginTest_001 - Entered username
[INFO ] 2024-09-19 15:42:32.318 [main] TC_LoginTest_001 - Entered password
[INFO ] 2024-09-19 15:45:46.269 [main] TC_LoginTest_001 - URL is opened
[INFO ] 2024-09-19 15:45:47.213 [main] TC_LoginTest_001 - Entered username
[INFO ] 2024-09-19 15:45:47.795 [main] TC_LoginTest_001 - Entered password
[INFO ] 2024-09-19 15:47:49.614 [main] TC_LoginTest_001 - URL is opened
[INFO ] 2024-09-19 15:47:50.550 [main] TC_LoginTest_001 - Entered username
[INFO ] 2024-09-19 15:47:51.122 [main] TC_LoginTest_001 - Entered password
[INFO ] 2024-09-20 12:23:46.825 [main] TC_LoginTest_001 - URL is opened
[INFO ] 2024-09-20 12:23:47.783 [main] TC_LoginTest_001 - Entered username
[INFO ] 2024-09-20 12:23:48.397 [main] TC_LoginTest_001 - Entered password
[INFO ] 2024-09-20 13:06:07.448 [main] TC_LoginTest_001 - URL is opened
[INFO ] 2024-09-20 13:06:08.334 [main] TC_LoginTest_001 - Entered username
[INFO ] 2024-09-20 13:06:08.882 [main] TC_LoginTest_001 - Entered password
[INFO ] 2024-09-20 13:08:44.730 [main] TC_LoginTest_001 - URL is opened
[INFO ] 2024-09-20 13:08:45.637 [main] TC_LoginTest_001 - Entered username
[INFO ] 2024-09-20 13:08:46.211 [main] TC_LoginTest_001 - Entered password
[INFO ] 2024-09-20 13:08:47.914 [main] TC_LoginTest_001 - Login test passed
